生成启动时间为 2017/5/27 星期六 19:25:22。
     1>项目“H:\faceMaker\collection\collection\collection.vcxproj”在节点 2 上(Build 个目标)。
     1>ClCompile:
         C:\Program Files (x86)\Microsoft Visual Studio 14.0\VC\bin\x86_amd64\CL.exe /c /IC:\opencv3.1.0/include /IH:\faceMaker\collection\/thirdparty/include /I"C:\Program Files\Microsoft SDKs\Kinect\v2.0_1409\\inc" /I"C:\Program Files\dip\include" /I"F:\Libraries\eigen-eigen-67e894c6cd8f" /I"C:\Program Files\NVIDIA GPU Computing Toolkit\CUDA\v8.0\include" /IF:\codes\face_reconstruction\collection\collection\dip_segmentation_module /I"H:\dlib-19.4" /I"C:\Program Files\PCL 1.8.0\3rdParty\Eigen\eigen3" /IH:\faceMaker\collection\collection\dip_segmentation_module /Zi /nologo /W3 /WX- /sdl /O2 /Oi /GL /D NDEBUG /D _CONSOLE /D _UNICODE /D UNICODE /Gm- /EHsc /MD /GS /Gy /fp:precise /Zc:wchar_t /Zc:forScope /Zc:inline /Yu"stdafx.h" /Fp"x64\Release\collection.pch" /Fo"x64\Release\\" /Fd"x64\Release\vc140.pdb" /Gd /TP /errorReport:prompt facemodeling.cpp
         facemodeling.cpp
     1>C:\opencv3.1.0\include\opencv2/core/mat.hpp(1965): warning C4819: 该文件包含不能在当前代码页(936)中表示的字符。请将该文件保存为 Unicode 格式以防止数据丢失
     1>C:\opencv3.1.0\include\opencv2/core/persistence.hpp : warning C4819: 该文件包含不能在当前代码页(936)中表示的字符。请将该文件保存为 Unicode 格式以防止数据丢失
     1>C:\opencv3.1.0\include\opencv2/core/utility.hpp : warning C4819: 该文件包含不能在当前代码页(936)中表示的字符。请将该文件保存为 Unicode 格式以防止数据丢失
     1>C:\opencv3.1.0\include\opencv2/core/utility.hpp : warning C4819: 该文件包含不能在当前代码页(936)中表示的字符。请将该文件保存为 Unicode 格式以防止数据丢失
     1>C:\Program Files\dip\include\dip/surface/mesh.h(50): warning C4267: “return”: 从“size_t”转换到“unsigned int”，可能丢失数据
     1>C:\Program Files\dip\include\dip/surface/mesh.h(51): warning C4267: “return”: 从“size_t”转换到“unsigned int”，可能丢失数据
     1>h:\dlib-19.4\dlib\image_transforms/morphological_operations.h : warning C4819: 该文件包含不能在当前代码页(936)中表示的字符。请将该文件保存为 Unicode 格式以防止数据丢失
       Link:
         C:\Program Files (x86)\Microsoft Visual Studio 14.0\VC\bin\x86_amd64\link.exe /ERRORREPORT:PROMPT /OUT:"H:\faceMaker\collection\x64\Release\collection.exe" /INCREMENTAL:NO /NOLOGO /LIBPATH:C:\opencv3.1.0/x64/vc14/lib /LIBPATH:H:\faceMaker\collection\/thirdparty/lib /LIBPATH:"C:\Program Files\Microsoft SDKs\Kinect\v2.0_1409\\Lib\x64" /LIBPATH:"C:\Program Files\dip\lib\Release" /LIBPATH:"C:\Program Files\NVIDIA GPU Computing Toolkit\CUDA\v8.0\lib\x64" /LIBPATH:"C:\Program Files\dlib\lib" dlib.lib opencv_core310.lib opencv_highgui310.lib realsense.lib kinect20.lib kernel32.lib user32.lib gdi32.lib winspool.lib comdlg32.lib advapi32.lib shell32.lib ole32.lib oleaut32.lib uuid.lib odbc32.lib odbccp32.lib cameras.lib common.lib filters.lib point_cloud.lib registration.lib sampling.lib surface.lib io.lib cudart.lib /MANIFEST /MANIFESTUAC:"level='asInvoker' uiAccess='false'" /manifest:embed /Debug /PDB:"H:\faceMaker\collection\x64\Release\collection.pdb" /SUBSYSTEM:CONSOLE /OPT:REF /OPT:ICF /LTCG:incremental /TLBID:1 /DYNAMICBASE /NXCOMPAT /IMPLIB:"H:\faceMaker\collection\x64\Release\collection.lib" /MACHINE:X64 x64\Release\collection.res
         x64\Release\connectedcomponents.obj
         x64\Release\headsegmenter.obj
         x64\Release\facemodeling.obj
         x64\Release\JudgeFrontFace.obj
         x64\Release\FrameSync.obj
         x64\Release\KinectCollection.obj
         x64\Release\main.obj
         x64\Release\RealSenseCollection.obj
         x64\Release\Reconstruction.obj
         x64\Release\stdafx.obj
         正在生成代码
         47 of 3671 functions ( 1.3%) were compiled, the rest were copied from previous compilation.
           0 functions were new in current compilation
           263 functions had inline decision re-evaluated but remain unchanged
         已完成代码的生成
         collection.vcxproj -> H:\faceMaker\collection\x64\Release\collection.exe
     1>已完成生成项目“H:\faceMaker\collection\collection\collection.vcxproj”(Build 个目标)的操作。

已成功生成。

已用时间 00:00:09.55
