生成启动时间为 2017/5/27 星期六 12:09:08。
     1>项目“H:\faceMaker\collection\collection\collection.vcxproj”在节点 2 上(Build 个目标)。
     1>Link:
         C:\Program Files (x86)\Microsoft Visual Studio 14.0\VC\bin\x86_amd64\link.exe /ERRORREPORT:PROMPT /OUT:"H:\faceMaker\collection\x64\Debug\collection.exe" /INCREMENTAL /NOLOGO /LIBPATH:C:\opencv3.1.0/x64/vc14/lib /LIBPATH:H:\faceMaker\collection\/thirdparty/lib /LIBPATH:"C:\Program Files\Microsoft SDKs\Kinect\v2.0_1409\\Lib\x64" /LIBPATH:"C:\Program Files\dip\lib\Debug" /LIBPATH:"C:\Program Files\NVIDIA GPU Computing Toolkit\CUDA\v8.0\lib\x64" opencv_core310d.lib opencv_highgui310d.lib "realsense-d.lib" kinect20.lib kernel32.lib user32.lib gdi32.lib winspool.lib comdlg32.lib advapi32.lib shell32.lib ole32.lib oleaut32.lib uuid.lib odbc32.lib odbccp32.lib cameras.lib common.lib filters.lib point_cloud.lib registration.lib sampling.lib surface.lib cudart.lib /MANIFEST /MANIFESTUAC:"level='asInvoker' uiAccess='false'" /manifest:embed /Debug /PDB:"H:\faceMaker\collection\x64\Debug\collection.pdb" /SUBSYSTEM:CONSOLE /TLBID:1 /DYNAMICBASE /NXCOMPAT /IMPLIB:"H:\faceMaker\collection\x64\Debug\collection.lib" /MACHINE:X64 x64\Debug\collection.res
         x64\Debug\connectedcomponents.obj
         x64\Debug\headsegmenter.obj
         x64\Debug\facemodeling.obj
         x64\Debug\FrameSync.obj
         x64\Debug\KinectCollection.obj
         x64\Debug\main.obj
         x64\Debug\RealSenseCollection.obj
         x64\Debug\Reconstruction.obj
         x64\Debug\stdafx.obj
     1>common.lib(common_generated_memory.cu.obj) : error LNK2038: 检测到“_ITERATOR_DEBUG_LEVEL”的不匹配项: 值“0”不匹配值“2”(connectedcomponents.obj 中)
     1>common.lib(common_generated_memory.cu.obj) : error LNK2038: 检测到“RuntimeLibrary”的不匹配项: 值“MD_DynamicRelease”不匹配值“MDd_DynamicDebug”(connectedcomponents.obj 中)
     1>common.lib(common_generated_error.cu.obj) : error LNK2038: 检测到“_ITERATOR_DEBUG_LEVEL”的不匹配项: 值“0”不匹配值“2”(connectedcomponents.obj 中)
     1>common.lib(common_generated_error.cu.obj) : error LNK2038: 检测到“RuntimeLibrary”的不匹配项: 值“MD_DynamicRelease”不匹配值“MDd_DynamicDebug”(connectedcomponents.obj 中)
     1>filters.lib(filters_generated_variance.cu.obj) : error LNK2038: 检测到“_ITERATOR_DEBUG_LEVEL”的不匹配项: 值“0”不匹配值“2”(connectedcomponents.obj 中)
     1>filters.lib(filters_generated_variance.cu.obj) : error LNK2038: 检测到“RuntimeLibrary”的不匹配项: 值“MD_DynamicRelease”不匹配值“MDd_DynamicDebug”(connectedcomponents.obj 中)
     1>filters.lib(filters_generated_bilateral.cu.obj) : error LNK2038: 检测到“_ITERATOR_DEBUG_LEVEL”的不匹配项: 值“0”不匹配值“2”(connectedcomponents.obj 中)
     1>filters.lib(filters_generated_bilateral.cu.obj) : error LNK2038: 检测到“RuntimeLibrary”的不匹配项: 值“MD_DynamicRelease”不匹配值“MDd_DynamicDebug”(connectedcomponents.obj 中)
     1>point_cloud.lib(point_cloud_generated_backprojection.cu.obj) : error LNK2038: 检测到“_ITERATOR_DEBUG_LEVEL”的不匹配项: 值“0”不匹配值“2”(connectedcomponents.obj 中)
     1>point_cloud.lib(point_cloud_generated_backprojection.cu.obj) : error LNK2038: 检测到“RuntimeLibrary”的不匹配项: 值“MD_DynamicRelease”不匹配值“MDd_DynamicDebug”(connectedcomponents.obj 中)
     1>point_cloud.lib(point_cloud_generated_centroid.cu.obj) : error LNK2038: 检测到“_ITERATOR_DEBUG_LEVEL”的不匹配项: 值“0”不匹配值“2”(connectedcomponents.obj 中)
     1>point_cloud.lib(point_cloud_generated_centroid.cu.obj) : error LNK2038: 检测到“RuntimeLibrary”的不匹配项: 值“MD_DynamicRelease”不匹配值“MDd_DynamicDebug”(connectedcomponents.obj 中)
     1>registration.lib(icp.obj) : error LNK2038: 检测到“_ITERATOR_DEBUG_LEVEL”的不匹配项: 值“0”不匹配值“2”(connectedcomponents.obj 中)
     1>registration.lib(icp.obj) : error LNK2038: 检测到“RuntimeLibrary”的不匹配项: 值“MD_DynamicRelease”不匹配值“MDd_DynamicDebug”(connectedcomponents.obj 中)
     1>registration.lib(registration_generated_icp.cu.obj) : error LNK2038: 检测到“_ITERATOR_DEBUG_LEVEL”的不匹配项: 值“0”不匹配值“2”(connectedcomponents.obj 中)
     1>registration.lib(registration_generated_icp.cu.obj) : error LNK2038: 检测到“RuntimeLibrary”的不匹配项: 值“MD_DynamicRelease”不匹配值“MDd_DynamicDebug”(connectedcomponents.obj 中)
     1>sampling.lib(sampling_generated_downsample.cu.obj) : error LNK2038: 检测到“_ITERATOR_DEBUG_LEVEL”的不匹配项: 值“0”不匹配值“2”(connectedcomponents.obj 中)
     1>sampling.lib(sampling_generated_downsample.cu.obj) : error LNK2038: 检测到“RuntimeLibrary”的不匹配项: 值“MD_DynamicRelease”不匹配值“MDd_DynamicDebug”(connectedcomponents.obj 中)
     1>surface.lib(marchingcubes.obj) : error LNK2038: 检测到“_ITERATOR_DEBUG_LEVEL”的不匹配项: 值“0”不匹配值“2”(connectedcomponents.obj 中)
     1>surface.lib(marchingcubes.obj) : error LNK2038: 检测到“RuntimeLibrary”的不匹配项: 值“MD_DynamicRelease”不匹配值“MDd_DynamicDebug”(connectedcomponents.obj 中)
     1>surface.lib(raycasting.obj) : error LNK2038: 检测到“_ITERATOR_DEBUG_LEVEL”的不匹配项: 值“0”不匹配值“2”(connectedcomponents.obj 中)
     1>surface.lib(raycasting.obj) : error LNK2038: 检测到“RuntimeLibrary”的不匹配项: 值“MD_DynamicRelease”不匹配值“MDd_DynamicDebug”(connectedcomponents.obj 中)
     1>surface.lib(volumetric.obj) : error LNK2038: 检测到“_ITERATOR_DEBUG_LEVEL”的不匹配项: 值“0”不匹配值“2”(connectedcomponents.obj 中)
     1>surface.lib(volumetric.obj) : error LNK2038: 检测到“RuntimeLibrary”的不匹配项: 值“MD_DynamicRelease”不匹配值“MDd_DynamicDebug”(connectedcomponents.obj 中)
     1>surface.lib(surface_generated_raycasting.cu.obj) : error LNK2038: 检测到“_ITERATOR_DEBUG_LEVEL”的不匹配项: 值“0”不匹配值“2”(connectedcomponents.obj 中)
     1>surface.lib(surface_generated_raycasting.cu.obj) : error LNK2038: 检测到“RuntimeLibrary”的不匹配项: 值“MD_DynamicRelease”不匹配值“MDd_DynamicDebug”(connectedcomponents.obj 中)
     1>surface.lib(surface_generated_volumetric.cu.obj) : error LNK2038: 检测到“_ITERATOR_DEBUG_LEVEL”的不匹配项: 值“0”不匹配值“2”(connectedcomponents.obj 中)
     1>surface.lib(surface_generated_volumetric.cu.obj) : error LNK2038: 检测到“RuntimeLibrary”的不匹配项: 值“MD_DynamicRelease”不匹配值“MDd_DynamicDebug”(connectedcomponents.obj 中)
     1>common.lib(common_generated_reduction.cu.obj) : error LNK2038: 检测到“_ITERATOR_DEBUG_LEVEL”的不匹配项: 值“0”不匹配值“2”(connectedcomponents.obj 中)
     1>common.lib(common_generated_reduction.cu.obj) : error LNK2038: 检测到“RuntimeLibrary”的不匹配项: 值“MD_DynamicRelease”不匹配值“MDd_DynamicDebug”(connectedcomponents.obj 中)
     1>LINK : warning LNK4098: 默认库“MSVCRT”与其他库的使用冲突；请使用 /NODEFAULTLIB:library
     1>H:\faceMaker\collection\x64\Debug\collection.exe : fatal error LNK1319: 检测到 30 个不匹配项
     1>已完成生成项目“H:\faceMaker\collection\collection\collection.vcxproj”(Build 个目标)的操作 - 失败。

生成失败。

已用时间 00:00:00.48
